<?xml version="1.0" encoding="UTF-8"?>
<!-- Generated by org.testng.reporters.JUnitReportReporter -->
<testsuite hostname="Ajay" failures="0" tests="1" name="TestNG.ListenersDemo" time="3.982" errors="0" timestamp="2024-01-17T01:56:49 IST" skipped="0">
  <testcase classname="TestNG.ListenersDemo" name="start" time="3.982"/>
</testsuite> <!-- TestNG.ListenersDemo -->
