<?xml version="1.0" encoding="UTF-8"?>
<!-- Generated by org.testng.reporters.JUnitReportReporter -->
<testsuite hostname="Ajay" failures="0" tests="2" name="PageObjectModuleWithPageFactory.TestClass" time="0.447" errors="0" timestamp="2024-01-16T21:34:32 IST" skipped="0">
  <testcase classname="PageObjectModuleWithPageFactory.TestClass" name="tearDown" time="0.135"/>
  <testcase classname="PageObjectModuleWithPageFactory.TestClass" name="loginTest" time="0.312"/>
</testsuite> <!-- PageObjectModuleWithPageFactory.TestClass -->
