<?xml version="1.0" encoding="UTF-8"?>
<!-- Generated by org.testng.reporters.JUnitReportReporter -->
<testsuite hostname="Ajay" failures="0" tests="2" name="TestNG.ParallelBrowserTest" time="1.908" errors="0" timestamp="2024-01-17T00:51:38 IST" skipped="0">
  <testcase classname="TestNG.ParallelBrowserTest" name="testExample" time="1.058"/>
  <testcase classname="TestNG.ParallelBrowserTest" name="testExample" time="0.850"/>
</testsuite> <!-- TestNG.ParallelBrowserTest -->
