<?xml version="1.0" encoding="UTF-8"?>
<!-- Generated by org.testng.reporters.JUnitReportReporter -->
<testsuite hostname="Ajay" failures="0" tests="3" name="TestNG.Annotations" time="0.012" errors="0" timestamp="2024-01-16T21:30:19 IST" skipped="1">
  <testcase classname="TestNG.Annotations" name="testMethod1" time="0.002"/>
  <testcase classname="TestNG.Annotations" name="testMethod1" time="0.010"/>
  <testcase classname="TestNG.Annotations" name="testMethod2">
    <skipped/>
  </testcase> <!-- testMethod2 -->
</testsuite> <!-- TestNG.Annotations -->
